# JRE version: Java(TM) SE Runtime Environment (16.0.2+7) (build 16.0.2+7-67)
# Java VM: Java HotSpot(TM) 64-Bit Server VM (16.0.2+7-67, mixed mode, sharing, tiered, compressed oops, compressed class ptrs, g1 gc, windows-amd64)
GC Precious Log:
 CPUs: 8 total, 8 available
 Memory: 8014M
 Large Page Support: Disabled
 NUMA Support: Disabled
 Compressed Oops: Enabled (32-bit)
 Heap Region Size: 1M
 Heap Min Capacity: 8M
 Heap Initial Capacity: 126M
 Heap Max Capacity: 2004M
 Pre-touch: Disabled
 Parallel Workers: 8
 Concurrent Workers: 2
 Concurrent Refinement Workers: 8
 Periodic GC: Disabled
Heap:
 garbage-first heap   total 61440K, used 37962K [0x0000000082c00000, 0x0000000100000000)
  region size 1024K, 24 young (24576K), 2 survivors (2048K)
 Metaspace       used 21871K, committed 22144K, reserved 1073152K
  class space    used 2337K, committed 2432K, reserved 1048576K
GC Heap History (6 events):
Event: 2.457 GC heap before
{Heap before GC invocations=0 (full 0):
 garbage-first heap   total 129024K, used 27648K [0x0000000082c00000, 0x0000000100000000)
  region size 1024K, 23 young (23552K), 0 survivors (0K)
 Metaspace       used 18284K, committed 18560K, reserved 1064960K
  class space    used 2110K, committed 2240K, reserved 1048576K
}
Event: 2.464 GC heap after
{Heap after GC invocations=1 (full 0):
 garbage-first heap   total 129024K, used 11051K [0x0000000082c00000, 0x0000000100000000)
  region size 1024K, 3 young (3072K), 3 survivors (3072K)
 Metaspace       used 18284K, committed 18560K, reserved 1064960K
  class space    used 2110K, committed 2240K, reserved 1048576K
}
Event: 39.232 GC heap before
{Heap before GC invocations=1 (full 0):
 garbage-first heap   total 129024K, used 30507K [0x0000000082c00000, 0x0000000100000000)
  region size 1024K, 19 young (19456K), 3 survivors (3072K)
 Metaspace       used 20887K, committed 21120K, reserved 1073152K
  class space    used 2306K, committed 2432K, reserved 1048576K
}
Event: 39.236 GC heap after
{Heap after GC invocations=2 (full 0):
 garbage-first heap   total 129024K, used 16792K [0x0000000082c00000, 0x0000000100000000)
  region size 1024K, 2 young (2048K), 2 survivors (2048K)
 Metaspace       used 20887K, committed 21120K, reserved 1073152K
  class space    used 2306K, committed 2432K, reserved 1048576K
}
Event: 51.333 GC heap before
{Heap before GC invocations=2 (full 0):
 garbage-first heap   total 129024K, used 21912K [0x0000000082c00000, 0x0000000100000000)
  region size 1024K, 8 young (8192K), 2 survivors (2048K)
 Metaspace       used 21056K, committed 21248K, reserved 1073152K
  class space    used 2314K, committed 2432K, reserved 1048576K
}
Event: 51.334 GC heap after
{Heap after GC invocations=3 (full 0):
 garbage-first heap   total 129024K, used 16458K [0x0000000082c00000, 0x0000000100000000)
  region size 1024K, 2 young (2048K), 2 survivors (2048K)
 Metaspace       used 21056K, committed 21248K, reserved 1073152K
  class space    used 2314K, committed 2432K, reserved 1048576K
}

